<?xml version="1.0" encoding="UTF-8"?>
<coverage generated="1645785668016" clover="3.2.0">
  <project timestamp="1645785668016" name="All files">
    <metrics statements="41" coveredstatements="39" conditionals="8" coveredconditionals="6" methods="21" coveredmethods="18" elements="70" coveredelements="63" complexity="0" loc="41" ncloc="41" packages="6" files="12" classes="12"/>
    <package name="src">
      <metrics statements="1" coveredstatements="1" conditionals="0" coveredconditionals="0" methods="1" coveredmethods="1"/>
      <file name="App.js" path="C:\Users\pathan.khajoddin\Desktop\Redux-DropDown\src\App.js">
        <metrics statements="1" coveredstatements="1" conditionals="0" coveredconditionals="0" methods="1" coveredmethods="1"/>
        <line num="11" count="1" type="stmt"/>
      </file>
      <file name="index.js" path="C:\Users\pathan.khajoddin\Desktop\Redux-DropDown\src\index.js">
        <metrics statements="0" coveredstatements="0" conditionals="0" coveredconditionals="0" methods="0" coveredmethods="0"/>
      </file>
    </package>
    <package name="src.Action">
      <metrics statements="6" coveredstatements="6" conditionals="0" coveredconditionals="0" methods="4" coveredmethods="4"/>
      <file name="Action.js" path="C:\Users\pathan.khajoddin\Desktop\Redux-DropDown\src\Action\Action.js">
        <metrics statements="4" coveredstatements="4" conditionals="0" coveredconditionals="0" methods="4" coveredmethods="4"/>
        <line num="6" count="6" type="stmt"/>
        <line num="8" count="6" type="stmt"/>
        <line num="9" count="2" type="stmt"/>
        <line num="13" count="3" type="stmt"/>
      </file>
      <file name="Actiontype.js" path="C:\Users\pathan.khajoddin\Desktop\Redux-DropDown\src\Action\Actiontype.js">
        <metrics statements="2" coveredstatements="2" conditionals="0" coveredconditionals="0" methods="0" coveredmethods="0"/>
        <line num="1" count="5" type="stmt"/>
        <line num="3" count="5" type="stmt"/>
      </file>
    </package>
    <package name="src.CommonTestcases">
      <metrics statements="5" coveredstatements="5" conditionals="0" coveredconditionals="0" methods="2" coveredmethods="2"/>
      <file name="App.Mock.js" path="C:\Users\pathan.khajoddin\Desktop\Redux-DropDown\src\CommonTestcases\App.Mock.js">
        <metrics statements="5" coveredstatements="5" conditionals="0" coveredconditionals="0" methods="2" coveredmethods="2"/>
        <line num="2" count="3" type="stmt"/>
        <line num="3" count="2" type="stmt"/>
        <line num="7" count="3" type="stmt"/>
        <line num="8" count="3" type="stmt"/>
        <line num="9" count="3" type="stmt"/>
      </file>
    </package>
    <package name="src.Component">
      <metrics statements="20" coveredstatements="18" conditionals="4" coveredconditionals="2" methods="13" coveredmethods="10"/>
      <file name="MainFile.js" path="C:\Users\pathan.khajoddin\Desktop\Redux-DropDown\src\Component\MainFile.js">
        <metrics statements="7" coveredstatements="6" conditionals="0" coveredconditionals="0" methods="5" coveredmethods="4"/>
        <line num="14" count="1" type="stmt"/>
        <line num="15" count="1" type="stmt"/>
        <line num="22" count="1" type="stmt"/>
        <line num="26" count="1" type="stmt"/>
        <line num="27" count="0" type="stmt"/>
        <line num="38" count="1" type="stmt"/>
        <line num="70" count="2" type="stmt"/>
      </file>
      <file name="TeaOmegaHeader.js" path="C:\Users\pathan.khajoddin\Desktop\Redux-DropDown\src\Component\TeaOmegaHeader.js">
        <metrics statements="3" coveredstatements="3" conditionals="0" coveredconditionals="0" methods="1" coveredmethods="1"/>
        <line num="7" count="3" type="stmt"/>
        <line num="8" count="3" type="stmt"/>
        <line num="21" count="3" type="stmt"/>
      </file>
      <file name="TeamOmegaCountryDropDown.js" path="C:\Users\pathan.khajoddin\Desktop\Redux-DropDown\src\Component\TeamOmegaCountryDropDown.js">
        <metrics statements="5" coveredstatements="4" conditionals="4" coveredconditionals="2" methods="4" coveredmethods="2"/>
        <line num="6" count="3" type="stmt"/>
        <line num="8" count="3" type="stmt"/>
        <line num="12" count="3" type="stmt"/>
        <line num="21" count="0" type="stmt"/>
        <line num="36" count="3" type="stmt"/>
      </file>
      <file name="TeamOmegaDropDown.js" path="C:\Users\pathan.khajoddin\Desktop\Redux-DropDown\src\Component\TeamOmegaDropDown.js">
        <metrics statements="5" coveredstatements="5" conditionals="0" coveredconditionals="0" methods="3" coveredmethods="3"/>
        <line num="10" count="4" type="stmt"/>
        <line num="11" count="4" type="stmt"/>
        <line num="12" count="1" type="stmt"/>
        <line num="15" count="16" type="stmt"/>
        <line num="25" count="3" type="stmt"/>
      </file>
    </package>
    <package name="src.Reducer">
      <metrics statements="6" coveredstatements="6" conditionals="4" coveredconditionals="4" methods="1" coveredmethods="1"/>
      <file name="ApiReducer.js" path="C:\Users\pathan.khajoddin\Desktop\Redux-DropDown\src\Reducer\ApiReducer.js">
        <metrics statements="6" coveredstatements="6" conditionals="4" coveredconditionals="4" methods="1" coveredmethods="1"/>
        <line num="3" count="4" type="stmt"/>
        <line num="8" count="4" type="cond" truecount="1" falsecount="0"/>
        <line num="9" count="15" type="cond" truecount="3" falsecount="0"/>
        <line num="11" count="2" type="stmt"/>
        <line num="15" count="3" type="stmt"/>
        <line num="20" count="10" type="stmt"/>
      </file>
      <file name="RootReducer.js" path="C:\Users\pathan.khajoddin\Desktop\Redux-DropDown\src\Reducer\RootReducer.js">
        <metrics statements="0" coveredstatements="0" conditionals="0" coveredconditionals="0" methods="0" coveredmethods="0"/>
      </file>
    </package>
    <package name="src.Store">
      <metrics statements="3" coveredstatements="3" conditionals="0" coveredconditionals="0" methods="0" coveredmethods="0"/>
      <file name="store.js" path="C:\Users\pathan.khajoddin\Desktop\Redux-DropDown\src\Store\store.js">
        <metrics statements="3" coveredstatements="3" conditionals="0" coveredconditionals="0" methods="0" coveredmethods="0"/>
        <line num="7" count="3" type="stmt"/>
        <line num="11" count="3" type="stmt"/>
        <line num="13" count="3" type="stmt"/>
      </file>
    </package>
  </project>
</coverage>
