{"C:\\Users\\pathan.khajoddin\\Desktop\\Redux-DropDown\\src\\App.js": {"path":"C:\\Users\\pathan.khajoddin\\Desktop\\Redux-DropDown\\src\\App.js","statementMap":{"0":{"start":{"line":11,"column":5},"end":{"line":16,"column":7}}},"fnMap":{"0":{"name":"(anonymous_0)","decl":{"start":{"line":10,"column":3},"end":{"line":10,"column":4}},"loc":{"start":{"line":10,"column":11},"end":{"line":17,"column":4}},"line":10}},"branchMap":{},"s":{"0":1},"f":{"0":1},"b":{},"_coverageSchema":"1a1c01bbd47fc00a2c39e90264f33305004495a9","hash":"b9b5dd69dae77962c4ca36477138185f37ed32b5"}
,"C:\\Users\\pathan.khajoddin\\Desktop\\Redux-DropDown\\src\\index.js": {"path":"C:\\Users\\pathan.khajoddin\\Desktop\\Redux-DropDown\\src\\index.js","statementMap":{},"fnMap":{},"branchMap":{},"s":{},"f":{},"b":{}}
,"C:\\Users\\pathan.khajoddin\\Desktop\\Redux-DropDown\\src\\Action\\Action.js": {"path":"C:\\Users\\pathan.khajoddin\\Desktop\\Redux-DropDown\\src\\Action\\Action.js","statementMap":{"0":{"start":{"line":6,"column":25},"end":{"line":17,"column":1}},"1":{"start":{"line":6,"column":37},"end":{"line":17,"column":1}},"2":{"start":{"line":8,"column":2},"end":{"line":16,"column":7}},"3":{"start":{"line":9,"column":15},"end":{"line":13,"column":10}},"4":{"start":{"line":13,"column":23},"end":{"line":16,"column":6}}},"fnMap":{"0":{"name":"(anonymous_0)","decl":{"start":{"line":6,"column":25},"end":{"line":6,"column":26}},"loc":{"start":{"line":6,"column":37},"end":{"line":17,"column":1}},"line":6},"1":{"name":"(anonymous_1)","decl":{"start":{"line":6,"column":37},"end":{"line":6,"column":38}},"loc":{"start":{"line":6,"column":55},"end":{"line":17,"column":1}},"line":6},"2":{"name":"(anonymous_2)","decl":{"start":{"line":9,"column":8},"end":{"line":9,"column":9}},"loc":{"start":{"line":9,"column":15},"end":{"line":13,"column":10}},"line":9},"3":{"name":"(anonymous_3)","decl":{"start":{"line":13,"column":18},"end":{"line":13,"column":19}},"loc":{"start":{"line":13,"column":23},"end":{"line":16,"column":6}},"line":13}},"branchMap":{},"s":{"0":4,"1":6,"2":6,"3":2,"4":3},"f":{"0":6,"1":6,"2":2,"3":3},"b":{},"_coverageSchema":"1a1c01bbd47fc00a2c39e90264f33305004495a9","hash":"0f56b57721ec1906a174c3f56982282e46a85848"}
,"C:\\Users\\pathan.khajoddin\\Desktop\\Redux-DropDown\\src\\Action\\Actiontype.js": {"path":"C:\\Users\\pathan.khajoddin\\Desktop\\Redux-DropDown\\src\\Action\\Actiontype.js","statementMap":{"0":{"start":{"line":1,"column":25},"end":{"line":1,"column":36}},"1":{"start":{"line":3,"column":27},"end":{"line":3,"column":40}}},"fnMap":{},"branchMap":{},"s":{"0":5,"1":5},"f":{},"b":{},"_coverageSchema":"1a1c01bbd47fc00a2c39e90264f33305004495a9","hash":"764740588414db52083c7c6dd9e947b2f8c9848b"}
,"C:\\Users\\pathan.khajoddin\\Desktop\\Redux-DropDown\\src\\CommonTestcases\\App.Mock.js": {"path":"C:\\Users\\pathan.khajoddin\\Desktop\\Redux-DropDown\\src\\CommonTestcases\\App.Mock.js","statementMap":{"0":{"start":{"line":2,"column":26},"end":{"line":3,"column":79}},"1":{"start":{"line":3,"column":4},"end":{"line":3,"column":79}},"2":{"start":{"line":7,"column":30},"end":{"line":10,"column":5}},"3":{"start":{"line":8,"column":18},"end":{"line":8,"column":57}},"4":{"start":{"line":9,"column":5},"end":{"line":9,"column":19}}},"fnMap":{"0":{"name":"(anonymous_0)","decl":{"start":{"line":2,"column":26},"end":{"line":2,"column":27}},"loc":{"start":{"line":3,"column":4},"end":{"line":3,"column":79}},"line":3},"1":{"name":"(anonymous_1)","decl":{"start":{"line":7,"column":30},"end":{"line":7,"column":31}},"loc":{"start":{"line":7,"column":50},"end":{"line":10,"column":5}},"line":7}},"branchMap":{},"s":{"0":3,"1":2,"2":3,"3":3,"4":3},"f":{"0":2,"1":3},"b":{},"_coverageSchema":"1a1c01bbd47fc00a2c39e90264f33305004495a9","hash":"264c32b9de49a0fa1abc6194e076936d3ab4fdfa"}
,"C:\\Users\\pathan.khajoddin\\Desktop\\Redux-DropDown\\src\\Component\\MainFile.js": {"path":"C:\\Users\\pathan.khajoddin\\Desktop\\Redux-DropDown\\src\\Component\\MainFile.js","statementMap":{"0":{"start":{"line":14,"column":8},"end":{"line":14,"column":16}},"1":{"start":{"line":15,"column":8},"end":{"line":17,"column":9}},"2":{"start":{"line":22,"column":8},"end":{"line":22,"column":46}},"3":{"start":{"line":26,"column":19},"end":{"line":29,"column":5}},"4":{"start":{"line":27,"column":8},"end":{"line":27,"column":35}},"5":{"start":{"line":38,"column":8},"end":{"line":65,"column":10}},"6":{"start":{"line":70,"column":24},"end":{"line":73,"column":2}},"7":{"start":{"line":70,"column":36},"end":{"line":73,"column":1}}},"fnMap":{"0":{"name":"(anonymous_0)","decl":{"start":{"line":13,"column":4},"end":{"line":13,"column":5}},"loc":{"start":{"line":13,"column":17},"end":{"line":18,"column":5}},"line":13},"1":{"name":"(anonymous_1)","decl":{"start":{"line":21,"column":4},"end":{"line":21,"column":5}},"loc":{"start":{"line":21,"column":24},"end":{"line":24,"column":5}},"line":21},"2":{"name":"(anonymous_2)","decl":{"start":{"line":26,"column":19},"end":{"line":26,"column":20}},"loc":{"start":{"line":26,"column":31},"end":{"line":29,"column":5}},"line":26},"3":{"name":"(anonymous_3)","decl":{"start":{"line":32,"column":4},"end":{"line":32,"column":5}},"loc":{"start":{"line":32,"column":13},"end":{"line":66,"column":5}},"line":32},"4":{"name":"(anonymous_4)","decl":{"start":{"line":70,"column":24},"end":{"line":70,"column":25}},"loc":{"start":{"line":70,"column":36},"end":{"line":73,"column":1}},"line":70}},"branchMap":{},"s":{"0":1,"1":1,"2":1,"3":1,"4":0,"5":1,"6":2,"7":1},"f":{"0":1,"1":1,"2":0,"3":1,"4":1},"b":{},"_coverageSchema":"1a1c01bbd47fc00a2c39e90264f33305004495a9","hash":"1fc71f3245770dc434b4cfb34feaa14266a02c7a"}
,"C:\\Users\\pathan.khajoddin\\Desktop\\Redux-DropDown\\src\\Component\\TeaOmegaHeader.js": {"path":"C:\\Users\\pathan.khajoddin\\Desktop\\Redux-DropDown\\src\\Component\\TeaOmegaHeader.js","statementMap":{"0":{"start":{"line":7,"column":30},"end":{"line":7,"column":40}},"1":{"start":{"line":8,"column":8},"end":{"line":17,"column":10}},"2":{"start":{"line":21,"column":0},"end":{"line":24,"column":1}}},"fnMap":{"0":{"name":"(anonymous_0)","decl":{"start":{"line":6,"column":4},"end":{"line":6,"column":5}},"loc":{"start":{"line":6,"column":13},"end":{"line":18,"column":5}},"line":6}},"branchMap":{},"s":{"0":3,"1":3,"2":3},"f":{"0":3},"b":{},"_coverageSchema":"1a1c01bbd47fc00a2c39e90264f33305004495a9","hash":"5de4f183251883926e6359aa50b42ecb9f660a0e"}
,"C:\\Users\\pathan.khajoddin\\Desktop\\Redux-DropDown\\src\\Component\\TeamOmegaCountryDropDown.js": {"path":"C:\\Users\\pathan.khajoddin\\Desktop\\Redux-DropDown\\src\\Component\\TeamOmegaCountryDropDown.js","statementMap":{"0":{"start":{"line":6,"column":20},"end":{"line":6,"column":35}},"1":{"start":{"line":6,"column":27},"end":{"line":6,"column":34}},"2":{"start":{"line":8,"column":35},"end":{"line":8,"column":45}},"3":{"start":{"line":12,"column":8},"end":{"line":30,"column":10}},"4":{"start":{"line":21,"column":25},"end":{"line":23,"column":26}},"5":{"start":{"line":36,"column":24},"end":{"line":39,"column":2}},"6":{"start":{"line":36,"column":36},"end":{"line":39,"column":1}}},"fnMap":{"0":{"name":"(anonymous_0)","decl":{"start":{"line":6,"column":20},"end":{"line":6,"column":21}},"loc":{"start":{"line":6,"column":25},"end":{"line":6,"column":35}},"line":6},"1":{"name":"(anonymous_1)","decl":{"start":{"line":7,"column":4},"end":{"line":7,"column":5}},"loc":{"start":{"line":7,"column":13},"end":{"line":31,"column":5}},"line":7},"2":{"name":"(anonymous_2)","decl":{"start":{"line":20,"column":33},"end":{"line":20,"column":34}},"loc":{"start":{"line":20,"column":40},"end":{"line":24,"column":22}},"line":20},"3":{"name":"(anonymous_3)","decl":{"start":{"line":36,"column":24},"end":{"line":36,"column":25}},"loc":{"start":{"line":36,"column":36},"end":{"line":39,"column":1}},"line":36}},"branchMap":{"0":{"loc":{"start":{"line":15,"column":20},"end":{"line":15,"column":79}},"type":"binary-expr","locations":[{"start":{"line":15,"column":20},"end":{"line":15,"column":31}},{"start":{"line":15,"column":35},"end":{"line":15,"column":79}}],"line":15},"1":{"loc":{"start":{"line":17,"column":17},"end":{"line":26,"column":22}},"type":"binary-expr","locations":[{"start":{"line":17,"column":17},"end":{"line":17,"column":35}},{"start":{"line":18,"column":17},"end":{"line":26,"column":22}}],"line":17}},"s":{"0":3,"1":0,"2":3,"3":3,"4":0,"5":3,"6":3},"f":{"0":0,"1":3,"2":0,"3":3},"b":{"0":[3,0],"1":[3,0]},"_coverageSchema":"1a1c01bbd47fc00a2c39e90264f33305004495a9","hash":"8250b8f13cc32869b408a42d7bf42f2428dab4f9"}
,"C:\\Users\\pathan.khajoddin\\Desktop\\Redux-DropDown\\src\\Component\\TeamOmegaDropDown.js": {"path":"C:\\Users\\pathan.khajoddin\\Desktop\\Redux-DropDown\\src\\Component\\TeamOmegaDropDown.js","statementMap":{"0":{"start":{"line":10,"column":28},"end":{"line":10,"column":38}},"1":{"start":{"line":11,"column":8},"end":{"line":21,"column":9}},"2":{"start":{"line":12,"column":112},"end":{"line":12,"column":144}},"3":{"start":{"line":15,"column":21},"end":{"line":17,"column":22}},"4":{"start":{"line":25,"column":0},"end":{"line":27,"column":1}}},"fnMap":{"0":{"name":"(anonymous_0)","decl":{"start":{"line":9,"column":4},"end":{"line":9,"column":5}},"loc":{"start":{"line":9,"column":12},"end":{"line":22,"column":5}},"line":9},"1":{"name":"(anonymous_1)","decl":{"start":{"line":12,"column":102},"end":{"line":12,"column":103}},"loc":{"start":{"line":12,"column":111},"end":{"line":12,"column":145}},"line":12},"2":{"name":"(anonymous_2)","decl":{"start":{"line":14,"column":26},"end":{"line":14,"column":27}},"loc":{"start":{"line":14,"column":31},"end":{"line":18,"column":18}},"line":14}},"branchMap":{},"s":{"0":4,"1":4,"2":1,"3":16,"4":3},"f":{"0":4,"1":1,"2":16},"b":{},"_coverageSchema":"1a1c01bbd47fc00a2c39e90264f33305004495a9","hash":"e04bf1c31375acd856dfbdb3ea0e77cdc17555c1"}
,"C:\\Users\\pathan.khajoddin\\Desktop\\Redux-DropDown\\src\\Reducer\\ApiReducer.js": {"path":"C:\\Users\\pathan.khajoddin\\Desktop\\Redux-DropDown\\src\\Reducer\\ApiReducer.js","statementMap":{"0":{"start":{"line":3,"column":28},"end":{"line":6,"column":1}},"1":{"start":{"line":8,"column":21},"end":{"line":22,"column":1}},"2":{"start":{"line":9,"column":4},"end":{"line":21,"column":5}},"3":{"start":{"line":11,"column":12},"end":{"line":13,"column":14}},"4":{"start":{"line":15,"column":12},"end":{"line":17,"column":13}},"5":{"start":{"line":20,"column":12},"end":{"line":20,"column":24}}},"fnMap":{"0":{"name":"(anonymous_0)","decl":{"start":{"line":8,"column":21},"end":{"line":8,"column":22}},"loc":{"start":{"line":8,"column":55},"end":{"line":22,"column":1}},"line":8}},"branchMap":{"0":{"loc":{"start":{"line":8,"column":22},"end":{"line":8,"column":42}},"type":"default-arg","locations":[{"start":{"line":8,"column":30},"end":{"line":8,"column":42}}],"line":8},"1":{"loc":{"start":{"line":9,"column":4},"end":{"line":21,"column":5}},"type":"switch","locations":[{"start":{"line":10,"column":8},"end":{"line":13,"column":14}},{"start":{"line":14,"column":8},"end":{"line":17,"column":13}},{"start":{"line":19,"column":8},"end":{"line":20,"column":24}}],"line":9}},"s":{"0":4,"1":4,"2":15,"3":2,"4":3,"5":10},"f":{"0":15},"b":{"0":[12],"1":[2,3,10]},"_coverageSchema":"1a1c01bbd47fc00a2c39e90264f33305004495a9","hash":"38182e9c0e09893b38c5baadb2337ac57d994f87"}
,"C:\\Users\\pathan.khajoddin\\Desktop\\Redux-DropDown\\src\\Reducer\\RootReducer.js": {"path":"C:\\Users\\pathan.khajoddin\\Desktop\\Redux-DropDown\\src\\Reducer\\RootReducer.js","statementMap":{},"fnMap":{},"branchMap":{},"s":{},"f":{},"b":{},"_coverageSchema":"1a1c01bbd47fc00a2c39e90264f33305004495a9","hash":"3ca94badbad475bc265d21ab2e93a5a80093c442"}
,"C:\\Users\\pathan.khajoddin\\Desktop\\Redux-DropDown\\src\\Store\\store.js": {"path":"C:\\Users\\pathan.khajoddin\\Desktop\\Redux-DropDown\\src\\Store\\store.js","statementMap":{"0":{"start":{"line":7,"column":21},"end":{"line":9,"column":1}},"1":{"start":{"line":11,"column":27},"end":{"line":11,"column":34}},"2":{"start":{"line":13,"column":14},"end":{"line":13,"column":106}}},"fnMap":{},"branchMap":{},"s":{"0":3,"1":3,"2":3},"f":{},"b":{},"_coverageSchema":"1a1c01bbd47fc00a2c39e90264f33305004495a9","hash":"b2eeaf3732f4126677a0582f2a38b02ccf70bf94"}
}
