TN:
SF:src\App.js
FN:10,(anonymous_0)
FNF:1
FNH:1
FNDA:1,(anonymous_0)
DA:11,1
LF:1
LH:1
BRF:0
BRH:0
end_of_record
TN:
SF:src\index.js
FNF:0
FNH:0
LF:0
LH:0
BRF:0
BRH:0
end_of_record
TN:
SF:src\Action\Action.js
FN:6,(anonymous_0)
FN:6,(anonymous_1)
FN:9,(anonymous_2)
FN:13,(anonymous_3)
FNF:4
FNH:4
FNDA:6,(anonymous_0)
FNDA:6,(anonymous_1)
FNDA:2,(anonymous_2)
FNDA:3,(anonymous_3)
DA:6,6
DA:8,6
DA:9,2
DA:13,3
LF:4
LH:4
BRF:0
BRH:0
end_of_record
TN:
SF:src\Action\Actiontype.js
FNF:0
FNH:0
DA:1,5
DA:3,5
LF:2
LH:2
BRF:0
BRH:0
end_of_record
TN:
SF:src\CommonTestcases\App.Mock.js
FN:2,(anonymous_0)
FN:7,(anonymous_1)
FNF:2
FNH:2
FNDA:2,(anonymous_0)
FNDA:3,(anonymous_1)
DA:2,3
DA:3,2
DA:7,3
DA:8,3
DA:9,3
LF:5
LH:5
BRF:0
BRH:0
end_of_record
TN:
SF:src\Component\MainFile.js
FN:13,(anonymous_0)
FN:21,(anonymous_1)
FN:26,(anonymous_2)
FN:32,(anonymous_3)
FN:70,(anonymous_4)
FNF:5
FNH:4
FNDA:1,(anonymous_0)
FNDA:1,(anonymous_1)
FNDA:0,(anonymous_2)
FNDA:1,(anonymous_3)
FNDA:1,(anonymous_4)
DA:14,1
DA:15,1
DA:22,1
DA:26,1
DA:27,0
DA:38,1
DA:70,2
LF:7
LH:6
BRF:0
BRH:0
end_of_record
TN:
SF:src\Component\TeaOmegaHeader.js
FN:6,(anonymous_0)
FNF:1
FNH:1
FNDA:3,(anonymous_0)
DA:7,3
DA:8,3
DA:21,3
LF:3
LH:3
BRF:0
BRH:0
end_of_record
TN:
SF:src\Component\TeamOmegaCountryDropDown.js
FN:6,(anonymous_0)
FN:7,(anonymous_1)
FN:20,(anonymous_2)
FN:36,(anonymous_3)
FNF:4
FNH:2
FNDA:0,(anonymous_0)
FNDA:3,(anonymous_1)
FNDA:0,(anonymous_2)
FNDA:3,(anonymous_3)
DA:6,3
DA:8,3
DA:12,3
DA:21,0
DA:36,3
LF:5
LH:4
BRDA:15,0,0,3
BRDA:15,0,1,0
BRDA:17,1,0,3
BRDA:17,1,1,0
BRF:4
BRH:2
end_of_record
TN:
SF:src\Component\TeamOmegaDropDown.js
FN:9,(anonymous_0)
FN:12,(anonymous_1)
FN:14,(anonymous_2)
FNF:3
FNH:3
FNDA:4,(anonymous_0)
FNDA:1,(anonymous_1)
FNDA:16,(anonymous_2)
DA:10,4
DA:11,4
DA:12,1
DA:15,16
DA:25,3
LF:5
LH:5
BRF:0
BRH:0
end_of_record
TN:
SF:src\Reducer\ApiReducer.js
FN:8,(anonymous_0)
FNF:1
FNH:1
FNDA:15,(anonymous_0)
DA:3,4
DA:8,4
DA:9,15
DA:11,2
DA:15,3
DA:20,10
LF:6
LH:6
BRDA:8,0,0,12
BRDA:9,1,0,2
BRDA:9,1,1,3
BRDA:9,1,2,10
BRF:4
BRH:4
end_of_record
TN:
SF:src\Reducer\RootReducer.js
FNF:0
FNH:0
LF:0
LH:0
BRF:0
BRH:0
end_of_record
TN:
SF:src\Store\store.js
FNF:0
FNH:0
DA:7,3
DA:11,3
DA:13,3
LF:3
LH:3
BRF:0
BRH:0
end_of_record
